<?xml version="1.0" encoding="UTF-8"?>
<testng-results skipped="0" failed="0" total="10" passed="10">
  <reporter-output>
  </reporter-output>
  <suite name="Default suite" duration-ms="80" started-at="2019-10-29T19:33:52Z" finished-at="2019-10-29T19:33:52Z">
    <groups>
    </groups>
    <test name="Default test" duration-ms="80" started-at="2019-10-29T19:33:52Z" finished-at="2019-10-29T19:33:52Z">
      <class name="TestNGSessions.InvocationCountConcept">
        <test-method status="PASS" signature="loginTest()[pri:0, instance:TestNGSessions.InvocationCountConcept@28f67ac7]" name="loginTest" duration-ms="31" started-at="2019-10-29T15:33:52Z" finished-at="2019-10-29T15:33:52Z">
          <reporter-output>
          </reporter-output>
        </test-method> <!-- loginTest -->
        <test-method status="PASS" signature="loginTest()[pri:0, instance:TestNGSessions.InvocationCountConcept@28f67ac7]" name="loginTest" duration-ms="2" started-at="2019-10-29T15:33:52Z" finished-at="2019-10-29T15:33:52Z">
          <reporter-output>
          </reporter-output>
        </test-method> <!-- loginTest -->
        <test-method status="PASS" signature="loginTest()[pri:0, instance:TestNGSessions.InvocationCountConcept@28f67ac7]" name="loginTest" duration-ms="1" started-at="2019-10-29T15:33:52Z" finished-at="2019-10-29T15:33:52Z">
          <reporter-output>
          </reporter-output>
        </test-method> <!-- loginTest -->
        <test-method status="PASS" signature="loginTest()[pri:0, instance:TestNGSessions.InvocationCountConcept@28f67ac7]" name="loginTest" duration-ms="1" started-at="2019-10-29T15:33:52Z" finished-at="2019-10-29T15:33:52Z">
          <reporter-output>
          </reporter-output>
        </test-method> <!-- loginTest -->
        <test-method status="PASS" signature="loginTest()[pri:0, instance:TestNGSessions.InvocationCountConcept@28f67ac7]" name="loginTest" duration-ms="1" started-at="2019-10-29T15:33:52Z" finished-at="2019-10-29T15:33:52Z">
          <reporter-output>
          </reporter-output>
        </test-method> <!-- loginTest -->
        <test-method status="PASS" signature="loginTest()[pri:0, instance:TestNGSessions.InvocationCountConcept@28f67ac7]" name="loginTest" duration-ms="1" started-at="2019-10-29T15:33:52Z" finished-at="2019-10-29T15:33:52Z">
          <reporter-output>
          </reporter-output>
        </test-method> <!-- loginTest -->
        <test-method status="PASS" signature="loginTest()[pri:0, instance:TestNGSessions.InvocationCountConcept@28f67ac7]" name="loginTest" duration-ms="1" started-at="2019-10-29T15:33:52Z" finished-at="2019-10-29T15:33:52Z">
          <reporter-output>
          </reporter-output>
        </test-method> <!-- loginTest -->
        <test-method status="PASS" signature="loginTest()[pri:0, instance:TestNGSessions.InvocationCountConcept@28f67ac7]" name="loginTest" duration-ms="1" started-at="2019-10-29T15:33:52Z" finished-at="2019-10-29T15:33:52Z">
          <reporter-output>
          </reporter-output>
        </test-method> <!-- loginTest -->
        <test-method status="PASS" signature="loginTest()[pri:0, instance:TestNGSessions.InvocationCountConcept@28f67ac7]" name="loginTest" duration-ms="1" started-at="2019-10-29T15:33:52Z" finished-at="2019-10-29T15:33:52Z">
          <reporter-output>
          </reporter-output>
        </test-method> <!-- loginTest -->
        <test-method status="PASS" signature="loginTest()[pri:0, instance:TestNGSessions.InvocationCountConcept@28f67ac7]" name="loginTest" duration-ms="0" started-at="2019-10-29T15:33:52Z" finished-at="2019-10-29T15:33:52Z">
          <reporter-output>
          </reporter-output>
        </test-method> <!-- loginTest -->
      </class> <!-- TestNGSessions.InvocationCountConcept -->
    </test> <!-- Default test -->
  </suite> <!-- Default suite -->
</testng-results>
